<?xml version="1.0" encoding="UTF-8"?>
<!-- Generated by org.testng.reporters.JUnitXMLReporter -->
<testsuite ignored="2" hostname="Bhaweshmita" failures="0" tests="2" name="Submit Order Test" time="36.026" errors="0" timestamp="2024-08-17T11:34:44 IST">
  <testcase classname="practise.tests.SubmitOrderTest" name="submitOrder1" time="11.553"/>
  <testcase classname="practise.tests.SubmitOrderTest" name="submitOrder1" time="10.701"/>
  <testcase classname="practise.tests.SubmitOrderTest" name="submitOrder" time="0.0">
    <ignored/>
  </testcase> <!-- submitOrder -->
  <testcase classname="practise.tests.SubmitOrderTest" name="orderHistoryTest" time="0.0">
    <ignored/>
  </testcase> <!-- orderHistoryTest -->
</testsuite> <!-- Submit Order Test -->
