<?xml version="1.0" encoding="UTF-8"?>
<testng-results ignored="0" total="2" passed="2" failed="0" skipped="0">
  <reporter-output>
  </reporter-output>
  <suite started-at="2024-08-17T11:34:08 IST" name="Suite" finished-at="2024-08-17T11:34:44 IST" duration-ms="36084">
    <groups>
      <group name="purchaseFetchOrder">
        <method signature="SubmitOrderTest.submitOrder1(java.util.HashMap)[pri:0, instance:practise.tests.SubmitOrderTest@56620197]" name="submitOrder1" class="practise.tests.SubmitOrderTest"/>
      </group> <!-- purchaseFetchOrder -->
    </groups>
    <test started-at="2024-08-17T11:34:08 IST" name="Submit Order Test" finished-at="2024-08-17T11:34:44 IST" duration-ms="36026">
      <class name="practise.tests.SubmitOrderTest">
        <test-method is-config="true" signature="launchApplication()[pri:0, instance:practise.tests.SubmitOrderTest@56620197]" started-at="2024-08-17T11:34:08 IST" name="launchApplication" finished-at="2024-08-17T11:34:19 IST" duration-ms="10842" status="PASS">
          <reporter-output>
          </reporter-output>
        </test-method> <!-- launchApplication -->
        <test-method signature="submitOrder1(java.util.HashMap)[pri:0, instance:practise.tests.SubmitOrderTest@56620197]" started-at="2024-08-17T11:34:19 IST" name="submitOrder1" data-provider="fetchData" finished-at="2024-08-17T11:34:30 IST" duration-ms="11553" status="PASS">
          <params>
            <param index="0">
              <value>
                <![CDATA[{productname=ZARA COAT 3, password=Qwerty@2424, email=smita.frnds2010@gmail.com}]]>
              </value>
            </param>
          </params>
          <reporter-output>
          </reporter-output>
        </test-method> <!-- submitOrder1 -->
        <test-method is-config="true" signature="tearDown()[pri:0, instance:practise.tests.SubmitOrderTest@56620197]" started-at="2024-08-17T11:34:30 IST" name="tearDown" finished-at="2024-08-17T11:34:30 IST" duration-ms="135" status="PASS">
          <reporter-output>
          </reporter-output>
        </test-method> <!-- tearDown -->
        <test-method is-config="true" signature="launchApplication()[pri:0, instance:practise.tests.SubmitOrderTest@56620197]" started-at="2024-08-17T11:34:30 IST" name="launchApplication" finished-at="2024-08-17T11:34:33 IST" duration-ms="2486" status="PASS">
          <reporter-output>
          </reporter-output>
        </test-method> <!-- launchApplication -->
        <test-method signature="submitOrder1(java.util.HashMap)[pri:0, instance:practise.tests.SubmitOrderTest@56620197]" started-at="2024-08-17T11:34:33 IST" name="submitOrder1" data-provider="fetchData" finished-at="2024-08-17T11:34:43 IST" duration-ms="10701" status="PASS">
          <params>
            <param index="0">
              <value>
                <![CDATA[{productname=ZARA COAT 3, password=Iamking@000, email=shetty@gmail.com}]]>
              </value>
            </param>
          </params>
          <reporter-output>
          </reporter-output>
        </test-method> <!-- submitOrder1 -->
        <test-method is-config="true" signature="tearDown()[pri:0, instance:practise.tests.SubmitOrderTest@56620197]" started-at="2024-08-17T11:34:43 IST" name="tearDown" finished-at="2024-08-17T11:34:44 IST" duration-ms="96" status="PASS">
          <reporter-output>
          </reporter-output>
        </test-method> <!-- tearDown -->
      </class> <!-- practise.tests.SubmitOrderTest -->
    </test> <!-- Submit Order Test -->
    <test started-at="2024-08-17T11:34:44 IST" name="ErrorValidations Test" finished-at="2024-08-17T11:34:44 IST" duration-ms="1">
    </test> <!-- ErrorValidations Test -->
  </suite> <!-- Suite -->
</testng-results>
